<?xml version="1.0" encoding="UTF-8"?>
<!-- Generated by org.testng.reporters.JUnitReportReporter -->
<testsuite hostname="DESKTOP-5GLDQEV" failures="0" tests="1" name="CartningTestCase.TC_007" time="21.675" errors="0" timestamp="2023-08-18T15:02:08 PDT" skipped="0">
  <testcase classname="CartningTestCase.TC_007" name="TC_007" time="21.675"/>
</testsuite> <!-- CartningTestCase.TC_007 -->
