<?xml version="1.0" encoding="UTF-8"?>
<!-- Generated by org.testng.reporters.JUnitReportReporter -->
<testsuite hostname="DESKTOP-5GLDQEV" failures="0" tests="1" name="Login_testcases.TC_001" time="7.928" errors="0" timestamp="2023-08-18T14:55:40 PDT" skipped="0">
  <testcase classname="Login_testcases.TC_001" name="TC_001" time="7.928"/>
</testsuite> <!-- Login_testcases.TC_001 -->
