<?xml version="1.0" encoding="UTF-8"?>
<!-- Generated by org.testng.reporters.JUnitReportReporter -->
<testsuite hostname="DESKTOP-5GLDQEV" failures="0" tests="1" name="TestCases.TC_006" time="34.987" errors="0" timestamp="2023-08-13T00:54:58 PDT" skipped="0">
  <testcase classname="TestCases.TC_006" name="TC_006" time="34.987"/>
</testsuite> <!-- TestCases.TC_006 -->
