<?xml version="1.0" encoding="UTF-8"?>
<!-- Generated by org.testng.reporters.JUnitReportReporter -->
<testsuite hostname="DESKTOP-5GLDQEV" failures="0" tests="1" name="TestCases.TC_003" time="4.261" errors="0" timestamp="2023-08-12T23:27:40 PDT" skipped="0">
  <testcase classname="TestCases.TC_003" name="TC_003" time="4.261"/>
</testsuite> <!-- TestCases.TC_003 -->
