<?xml version="1.0" encoding="UTF-8"?>
<!-- Generated by org.testng.reporters.JUnitReportReporter -->
<testsuite hostname="DESKTOP-5GLDQEV" failures="0" tests="1" name="TestCases.TC_001" time="7.574" errors="0" timestamp="2023-08-12T22:52:34 PDT" skipped="0">
  <testcase classname="TestCases.TC_001" name="TC_001" time="7.574"/>
</testsuite> <!-- TestCases.TC_001 -->
