<?xml version="1.0" encoding="UTF-8"?>
<!-- Generated by org.testng.reporters.JUnitReportReporter -->
<testsuite hostname="DESKTOP-5GLDQEV" failures="0" tests="9" name="TestCases.TestCaseSuite" time="210.988" errors="0" timestamp="2023-08-13T06:39:30 PDT" skipped="0">
  <testcase classname="TestCases.TestCaseSuite" name="TC_003" time="10.849"/>
  <testcase classname="TestCases.TestCaseSuite" name="TC_005" time="12.130"/>
  <testcase classname="TestCases.TestCaseSuite" name="TC_004" time="12.472"/>
  <testcase classname="TestCases.TestCaseSuite" name="TC_006" time="50.477"/>
  <testcase classname="TestCases.TestCaseSuite" name="TC_002" time="18.106"/>
  <testcase classname="TestCases.TestCaseSuite" name="TC_007" time="23.082"/>
  <testcase classname="TestCases.TestCaseSuite" name="TC_008" time="30.056"/>
  <testcase classname="TestCases.TestCaseSuite" name="TC_009" time="40.629"/>
  <testcase classname="TestCases.TestCaseSuite" name="TC_001" time="13.187"/>
</testsuite> <!-- TestCases.TestCaseSuite -->
