<?xml version="1.0" encoding="UTF-8"?>
<!-- Generated by org.testng.reporters.JUnitReportReporter -->
<testsuite hostname="DESKTOP-5GLDQEV" failures="0" tests="1" name="TestCases.TC_009" time="44.075" errors="0" timestamp="2023-08-13T05:51:58 PDT" skipped="0">
  <testcase classname="TestCases.TC_009" name="TC_008" time="44.075"/>
</testsuite> <!-- TestCases.TC_009 -->
