<?xml version="1.0" encoding="UTF-8"?>
<!-- Generated by org.testng.reporters.JUnitReportReporter -->
<testsuite hostname="DESKTOP-5GLDQEV" failures="0" tests="1" name="TestComponets.StandAloneTest" time="45.100" errors="0" timestamp="2023-08-12T10:11:46 PDT" skipped="0">
  <testcase classname="TestComponets.StandAloneTest" name="SatandAloneTest" time="45.100"/>
</testsuite> <!-- TestComponets.StandAloneTest -->
