<?xml version="1.0" encoding="UTF-8"?>
<!-- Generated by org.testng.reporters.JUnitReportReporter -->
<testsuite hostname="DESKTOP-5GLDQEV" failures="0" tests="1" name="TestCases.TC_002" time="12.254" errors="0" timestamp="2023-08-13T00:02:45 PDT" skipped="0">
  <testcase classname="TestCases.TC_002" name="TC_002" time="12.254"/>
</testsuite> <!-- TestCases.TC_002 -->
