<?xml version="1.0" encoding="UTF-8"?>
<!-- Generated by org.testng.reporters.JUnitReportReporter -->
<testsuite hostname="DESKTOP-5GLDQEV" failures="0" tests="9" name="Cucumber.TestNGTestRunner" time="236.420" errors="0" timestamp="2023-08-13T22:09:41 PDT" skipped="0">
  <testcase classname="Cucumber.TestNGTestRunner" name="runScenario" time="48.886"/>
  <testcase classname="Cucumber.TestNGTestRunner" name="runScenario" time="23.615"/>
  <testcase classname="Cucumber.TestNGTestRunner" name="runScenario" time="14.518"/>
  <testcase classname="Cucumber.TestNGTestRunner" name="runScenario" time="13.566"/>
  <testcase classname="Cucumber.TestNGTestRunner" name="runScenario" time="14.166"/>
  <testcase classname="Cucumber.TestNGTestRunner" name="runScenario" time="47.945"/>
  <testcase classname="Cucumber.TestNGTestRunner" name="runScenario" time="28.269"/>
  <testcase classname="Cucumber.TestNGTestRunner" name="runScenario" time="20.563"/>
  <testcase classname="Cucumber.TestNGTestRunner" name="runScenario" time="24.892"/>
</testsuite> <!-- Cucumber.TestNGTestRunner -->
