<?xml version="1.0" encoding="UTF-8"?>
<!-- Generated by org.testng.reporters.JUnitReportReporter -->
<testsuite hostname="DESKTOP-5GLDQEV" failures="0" tests="1" name="TestComponets.sampleClass" time="39.703" errors="0" timestamp="2023-08-12T00:16:25 PDT" skipped="0">
  <testcase classname="TestComponets.sampleClass" name="SatandAloneTest" time="39.703"/>
</testsuite> <!-- TestComponets.sampleClass -->
