<?xml version="1.0" encoding="UTF-8"?>
<!-- Generated by org.testng.reporters.JUnitReportReporter -->
<testsuite hostname="DESKTOP-5GLDQEV" failures="0" tests="1" name="TestCases.TC_004" time="4.932" errors="0" timestamp="2023-08-13T00:17:12 PDT" skipped="0">
  <testcase classname="TestCases.TC_004" name="TC_004" time="4.932"/>
</testsuite> <!-- TestCases.TC_004 -->
