<?xml version="1.0" encoding="UTF-8"?>
<!-- Generated by org.testng.reporters.JUnitReportReporter -->
<testsuite hostname="DESKTOP-5GLDQEV" failures="0" tests="1" name="TestCases.TC_007" time="13.089" errors="0" timestamp="2023-08-13T01:35:21 PDT" skipped="0">
  <testcase classname="TestCases.TC_007" name="TC_007" time="13.089"/>
</testsuite> <!-- TestCases.TC_007 -->
